define       line 1 cols 2-7 is T_Identifier 
PROCEDURE    line 1 cols 9-17 is T_Identifier 
void         line 1 cols 19-22 is T_Void 
define       line 2 cols 2-7 is T_Identifier 
BEGIN        line 2 cols 9-13 is T_Identifier 
{            line 2 cols 15-15 is '{' 
define       line 3 cols 2-7 is T_Identifier 
END          line 3 cols 9-11 is T_Identifier 
}            line 3 cols 13-13 is '}' 
define       line 4 cols 2-7 is T_Identifier 
BINKY        line 4 cols 9-13 is T_Identifier 
2            line 4 cols 15-15 is T_IntConstant (value = 2)
+            line 4 cols 17-17 is '+' 
2            line 4 cols 19-19 is T_IntConstant (value = 2)
*            line 4 cols 21-21 is '*' 
10           line 4 cols 23-24 is T_IntConstant (value = 10)
PROCEDURE    line 6 cols 2-10 is T_Identifier 
main         line 6 cols 12-15 is T_Identifier 
(            line 6 cols 16-16 is '(' 
)            line 6 cols 17-17 is ')' 
BEGIN        line 7 cols 4-8 is T_Identifier 
Print        line 8 cols 5-9 is T_Print 
(            line 8 cols 10-10 is '(' 
BINKY        line 8 cols 12-16 is T_Identifier 
)            line 8 cols 17-17 is ')' 
;            line 8 cols 18-18 is ';' 
END          line 9 cols 4-6 is T_Identifier 
